<?xml version="1.0" encoding="UTF-8"?>
<!-- Generated by org.testng.reporters.JUnitReportReporter -->
<testsuite hostname="Seachange-PC" name="Worklist.EditJobTest" tests="1" failures="0" timestamp="7 Sep 2017 05:02:01 GMT" time="147.459" errors="0">
  <testcase name="AddNewJobs" time="147.459" classname="Worklist.EditJobTest"/>
</testsuite> <!-- Worklist.EditJobTest -->
