<?xml version="1.0" encoding="UTF-8"?>
<!-- Generated by org.testng.reporters.JUnitReportReporter -->
<testsuite hostname="Seachange-PC" name="Worklist.CheckJobFiltersyTest" tests="1" failures="0" timestamp="7 Sep 2017 09:44:16 GMT" time="7.216" errors="0">
  <testcase name="JobStatus" time="7.216" classname="Worklist.CheckJobFiltersyTest"/>
</testsuite> <!-- Worklist.CheckJobFiltersyTest -->
